D:\ECO.LAB1\ASSEMBLYFILES\WINDOWS\VISUALSTUDIO_10\ECO.LAB1\DYNAMICDEBUG\1F5DF16EE1BF43B999A434ED38FE8F3A.DLL.INTERMEDIATE.MANIFEST
D:\Eco.Lab1\AssemblyFiles\Windows\VisualStudio_10\Eco.Lab1\DynamicDebug\1F5DF16EE1BF43B999A434ED38FE8F3A.exp
D:\Eco.Lab1\AssemblyFiles\Windows\VisualStudio_10\Eco.Lab1\DynamicDebug\1F5DF16EE1BF43B999A434ED38FE8F3A.lib
D:\ECO.LAB1\ASSEMBLYFILES\WINDOWS\VISUALSTUDIO_10\ECO.LAB1\DYNAMICDEBUG\1F5DF16EE1BF43B999A434ED38FE8F3A.PDB
D:\ECO.LAB1\ASSEMBLYFILES\WINDOWS\VISUALSTUDIO_10\ECO.LAB1\DYNAMICDEBUG\CECOLAB1.OBJ
D:\ECO.LAB1\ASSEMBLYFILES\WINDOWS\VISUALSTUDIO_10\ECO.LAB1\DYNAMICDEBUG\CECOLAB1FACTORY.OBJ
D:\ECO.LAB1\ASSEMBLYFILES\WINDOWS\VISUALSTUDIO_10\ECO.LAB1\DYNAMICDEBUG\VC100.PDB
D:\ECO.LAB1\BUILDFILES\WINDOWS\X86\DYNAMICDEBUG\1F5DF16EE1BF43B999A434ED38FE8F3A.DLL
D:\ECO.LAB1\BUILDFILES\WINDOWS\X86\DYNAMICDEBUG\1F5DF16EE1BF43B999A434ED38FE8F3A.ILK
D:\Lab2\Lab1\AssemblyFiles\Windows\VisualStudio_10\Eco.Lab1\DynamicDebug\1F5DF16EE1BF43B999A434ED38FE8F3A.dll.intermediate.manifest
D:\Lab2\Lab1\AssemblyFiles\Windows\VisualStudio_10\Eco.Lab1\DynamicDebug\1F5DF16EE1BF43B999A434ED38FE8F3A.exp
D:\Lab2\Lab1\AssemblyFiles\Windows\VisualStudio_10\Eco.Lab1\DynamicDebug\CEcoLab1.obj
D:\Lab2\Lab1\AssemblyFiles\Windows\VisualStudio_10\Eco.Lab1\DynamicDebug\CEcoLab1Factory.obj
D:\Lab2\Lab1\AssemblyFiles\Windows\VisualStudio_10\Eco.Lab1\DynamicDebug\cl.command.1.tlog
D:\Lab2\Lab1\AssemblyFiles\Windows\VisualStudio_10\Eco.Lab1\DynamicDebug\CL.read.1.tlog
D:\Lab2\Lab1\AssemblyFiles\Windows\VisualStudio_10\Eco.Lab1\DynamicDebug\CL.write.1.tlog
D:\Lab2\Lab1\AssemblyFiles\Windows\VisualStudio_10\Eco.Lab1\DynamicDebug\Eco.Lab1.vcxprojResolveAssemblyReference.cache
D:\Lab2\Lab1\AssemblyFiles\Windows\VisualStudio_10\Eco.Lab1\DynamicDebug\Eco.Lab1.write.1.tlog
D:\Lab2\Lab1\AssemblyFiles\Windows\VisualStudio_10\Eco.Lab1\DynamicDebug\link.command.1.tlog
D:\Lab2\Lab1\AssemblyFiles\Windows\VisualStudio_10\Eco.Lab1\DynamicDebug\link.read.1.tlog
D:\Lab2\Lab1\AssemblyFiles\Windows\VisualStudio_10\Eco.Lab1\DynamicDebug\link.write.1.tlog
D:\Lab2\Lab1\AssemblyFiles\Windows\VisualStudio_10\Eco.Lab1\DynamicDebug\mt.command.1.tlog
D:\Lab2\Lab1\AssemblyFiles\Windows\VisualStudio_10\Eco.Lab1\DynamicDebug\mt.read.1.tlog
D:\Lab2\Lab1\AssemblyFiles\Windows\VisualStudio_10\Eco.Lab1\DynamicDebug\mt.write.1.tlog
D:\Lab2\Lab1\AssemblyFiles\Windows\VisualStudio_10\Eco.Lab1\DynamicDebug\vc100.idb
