Build started 30.10.2025 19:52:04.
     1>Project "D:\Lab2\Lab1\AssemblyFiles\Windows\VisualStudio_10\Eco.Lab1.vcxproj" on node 2 (build target(s)).
     1>InitializeBuildStatus:
         Touching "Eco.Lab1\DynamicDebug\Eco.Lab1.unsuccessfulbuild".
       ClCompile:
         C:\Program Files (x86)\Microsoft Visual Studio 10.0\VC\bin\CL.exe /c /ID:\Lab2\Lab1\Components\SharedFiles /I..\..\..\HeaderFiles /I..\..\..\SharedFiles /IC:\Eco.Framework_20250429\Eco.Core1\SharedFiles /IC:\Eco.Framework_20250429\Eco.InterfaceBus1\SharedFiles /IC:\Eco.Framework_20250429\Eco.System1\SharedFiles /IC:\Eco.Framework_20250429\Eco.MemoryManager1\SharedFiles /IC:\Eco.Framework_20250429\Eco.FileSystemManagement1\SharedFiles /IC:\Eco.Framework_20250429\Eco.List1\SharedFiles /ZI /nologo /W3 /WX- /Od /Oy- /D WIN32 /D _DEBUG /D _WINDOWS /D ECO_WINDOWS /D ECO_X86_32 /D ECO_WIN32 /D ECO_X86_32 /D UGUID_UTILITY /D ECO_DLL /D _WINDLL /D _UNICODE /D UNICODE /Gm /EHsc /RTC1 /MTd /GS /fp:precise /Zc:wchar_t /Zc:forScope /Fo"Eco.Lab1\DynamicDebug\\" /Fd"Eco.Lab1\DynamicDebug\vc100.pdb" /Gz /TC /analyze- /errorReport:prompt ..\..\..\SourceFiles\CEcoLab1.c
         CEcoLab1.c
     1>d:\lab2\lab1\sourcefiles\cecolab1.c(825): warning C4028: formal parameter 2 different from declaration
     1>d:\lab2\lab1\sourcefiles\cecolab1.c(825): warning C4028: formal parameter 3 different from declaration
     1>d:\lab2\lab1\sourcefiles\cecolab1.c(827): warning C4028: formal parameter 2 different from declaration
     1>d:\lab2\lab1\sourcefiles\cecolab1.c(827): warning C4028: formal parameter 3 different from declaration
     1>d:\lab2\lab1\sourcefiles\cecolab1.c(827): warning C4133: 'initializing' : incompatible types - from 'int32_t (__stdcall *)(IEcoCalculatorXPtr_t,int32_t,int32_t)' to 'int16_t (__stdcall *)(IEcoCalculatorXPtr_t,int16_t,int16_t)'
     1>d:\lab2\lab1\sourcefiles\cecolab1.c(833): warning C4028: formal parameter 2 different from declaration
     1>d:\lab2\lab1\sourcefiles\cecolab1.c(833): warning C4028: formal parameter 3 different from declaration
     1>d:\lab2\lab1\sourcefiles\cecolab1.c(835): warning C4028: formal parameter 2 different from declaration
     1>d:\lab2\lab1\sourcefiles\cecolab1.c(835): warning C4028: formal parameter 3 different from declaration
     1>d:\lab2\lab1\sourcefiles\cecolab1.c(835): warning C4133: 'initializing' : incompatible types - from 'int32_t (__stdcall *)(IEcoCalculatorYPtr_t,int32_t,int32_t)' to 'int16_t (__stdcall *)(IEcoCalculatorYPtr_t,int16_t,int16_t)'
     1>C:\Program Files (x86)\MSBuild\Microsoft.Cpp\v4.0\Microsoft.CppBuild.targets(990,5): warning MSB8012: TargetPath(D:\Lab2\Lab1\AssemblyFiles\Windows\VisualStudio_10\Eco.Lab1\DynamicDebug\1F5DF16EE1BF43B999A434ED38FE8F3A.dll) does not match the Linker's OutputFile property value (D:\Lab2\Lab1\BuildFiles\Windows\x86\DynamicDebug\1F5DF16EE1BF43B999A434ED38FE8F3A.dll). This may cause your project to build incorrectly. To correct this, please make sure that $(OutDir), $(TargetName) and $(TargetExt) property values match the value specified in %(Link.OutputFile).
       Link:
         C:\Program Files (x86)\Microsoft Visual Studio 10.0\VC\bin\link.exe /ERRORREPORT:PROMPT /OUT:"..\..\..\BuildFiles\Windows\x86\DynamicDebug\1F5DF16EE1BF43B999A434ED38FE8F3A.dll" /NOLOGO kernel32.lib user32.lib gdi32.lib winspool.lib comdlg32.lib advapi32.lib shell32.lib ole32.lib oleaut32.lib uuid.lib odbc32.lib odbccp32.lib /MANIFEST /ManifestFile:"Eco.Lab1\DynamicDebug\1F5DF16EE1BF43B999A434ED38FE8F3A.dll.intermediate.manifest" /MANIFESTUAC:"level='asInvoker' uiAccess='false'" /DEBUG /PDB:"D:\Lab2\Lab1\AssemblyFiles\Windows\VisualStudio_10\Eco.Lab1\DynamicDebug\1F5DF16EE1BF43B999A434ED38FE8F3A.pdb" /SUBSYSTEM:WINDOWS /TLBID:1 /DYNAMICBASE /NXCOMPAT /IMPLIB:"D:\Lab2\Lab1\AssemblyFiles\Windows\VisualStudio_10\Eco.Lab1\DynamicDebug\1F5DF16EE1BF43B999A434ED38FE8F3A.lib" /MACHINE:X86 /DLL Eco.Lab1\DynamicDebug\CEcoLab1.obj
         Eco.Lab1\DynamicDebug\CEcoLab1Factory.obj
         LINK : ..\..\..\BuildFiles\Windows\x86\DynamicDebug\1F5DF16EE1BF43B999A434ED38FE8F3A.dll not found or not built by the last incremental link; performing full link
            Creating library D:\Lab2\Lab1\AssemblyFiles\Windows\VisualStudio_10\Eco.Lab1\DynamicDebug\1F5DF16EE1BF43B999A434ED38FE8F3A.lib and object D:\Lab2\Lab1\AssemblyFiles\Windows\VisualStudio_10\Eco.Lab1\DynamicDebug\1F5DF16EE1BF43B999A434ED38FE8F3A.exp
         Eco.Lab1.vcxproj -> D:\Lab2\Lab1\AssemblyFiles\Windows\VisualStudio_10\Eco.Lab1\DynamicDebug\1F5DF16EE1BF43B999A434ED38FE8F3A.dll
       Manifest:
         C:\Program Files (x86)\Microsoft SDKs\Windows\v7.0A\bin\mt.exe /nologo /verbose /outputresource:"..\..\..\BuildFiles\Windows\x86\DynamicDebug\1F5DF16EE1BF43B999A434ED38FE8F3A.dll;#2" /manifest Eco.Lab1\DynamicDebug\1F5DF16EE1BF43B999A434ED38FE8F3A.dll.intermediate.manifest
       FinalizeBuildStatus:
         Deleting file "Eco.Lab1\DynamicDebug\Eco.Lab1.unsuccessfulbuild".
         Touching "Eco.Lab1\DynamicDebug\Eco.Lab1.lastbuildstate".
     1>Done Building Project "D:\Lab2\Lab1\AssemblyFiles\Windows\VisualStudio_10\Eco.Lab1.vcxproj" (build target(s)).

Build succeeded.

Time Elapsed 00:00:00.81
